YPLockScreen/proguard/mapping.txt
com.yp.lockscreen.BootBroadCast -> com.yp.lockscreen.BootBroadCast:
    android.content.Context mContext -> a
    20:41:void onReceive(android.content.Context,android.content.Intent) -> onReceive
com.yp.lockscreen.ClassicResourceManager -> com.yp.lockscreen.a:
    android.content.Context mContext -> a
    13:14:void setContext(android.content.Context) -> a
    17:17:int getDefaultPlmnMsgId() -> getDefaultPlmnMsgId
    22:22:int getCarrierDefaultMsgID() -> getCarrierDefaultMsgID
    27:27:int getNetWorkLockedMsgID() -> getNetWorkLockedMsgID
    32:32:int getSimLockedMsgID() -> getSimLockedMsgID
    37:37:int getSimMissingMsgID() -> getSimMissingMsgID
    42:42:int getSimPukLockedMsgID() -> getSimPukLockedMsgID
com.yp.lockscreen.DownloadVoice -> com.yp.lockscreen.DownloadVoice:
    android.widget.RemoteViews notifyView -> c
    android.support.v4.app.NotificationCompat$Builder mBuilder -> d
    android.app.NotificationManager mNotiManager -> e
    int downID -> a
    android.app.Notification mNotification -> f
    boolean isDownLoadStop -> g
    boolean isDownLoading -> b
    com.yp.lockscreen.work.LockDownLoad mDownUtils -> h
    int fileSize -> i
    int downLoadFileSize -> j
    android.os.Handler mHandler -> k
    48:49:void onDestroy() -> onDestroy
    53:53:void onHandleIntent(android.content.Intent) -> onHandleIntent
    57:84:void onCreate() -> onCreate
    88:109:int onStartCommand(android.content.Intent,int,int) -> onStartCommand
    207:208:android.content.Intent getLaunchIntent(android.content.Context) -> a
    30:30:boolean access$0() -> a
    25:25:android.widget.RemoteViews access$1(com.yp.lockscreen.DownloadVoice) -> a
    35:35:int access$2(com.yp.lockscreen.DownloadVoice) -> b
    36:36:int access$3(com.yp.lockscreen.DownloadVoice) -> c
    26:26:android.support.v4.app.NotificationCompat$Builder access$4(com.yp.lockscreen.DownloadVoice) -> d
    27:27:void access$5(com.yp.lockscreen.DownloadVoice,android.app.NotificationManager) -> a
    27:27:android.app.NotificationManager access$6(com.yp.lockscreen.DownloadVoice) -> e
    29:29:void access$7(com.yp.lockscreen.DownloadVoice,android.app.Notification) -> a
com.yp.lockscreen.DownloadVoice$1 -> com.yp.lockscreen.b:
    com.yp.lockscreen.DownloadVoice this$0 -> a
    116:179:void handleMessage(android.os.Message) -> handleMessage
com.yp.lockscreen.LockScreenApplication -> com.yp.lockscreen.LockScreenApplication:
    long lastTime -> a
    39:55:void onCreate() -> onCreate
com.yp.lockscreen.R -> com.yp.lockscreen.c:
com.yp.lockscreen.R$styleable -> com.yp.lockscreen.d:
    int[] NumberProgressBar -> NumberProgressBar
    int NumberProgressBar_max -> NumberProgressBar_max
    int NumberProgressBar_progress -> NumberProgressBar_progress
    int NumberProgressBar_progress_reached_bar_height -> NumberProgressBar_progress_reached_bar_height
    int NumberProgressBar_progress_reached_color -> NumberProgressBar_progress_reached_color
    int NumberProgressBar_progress_text_color -> NumberProgressBar_progress_text_color
    int NumberProgressBar_progress_text_offset -> NumberProgressBar_progress_text_offset
    int NumberProgressBar_progress_text_size -> NumberProgressBar_progress_text_size
    int NumberProgressBar_progress_text_visibility -> NumberProgressBar_progress_text_visibility
    int NumberProgressBar_progress_unreached_bar_height -> NumberProgressBar_progress_unreached_bar_height
    int NumberProgressBar_progress_unreached_color -> NumberProgressBar_progress_unreached_color
    int[] Themes -> Themes
    int Themes_numberProgressBarStyle -> Themes_numberProgressBarStyle
...
com.dianxinos.dxservice.stat.Constant$LcStrategy -> com.dianxinos.dxservice.stat.Constant$LcStrategy:
    int ASSETS -> ASSETS
    int MANIFEST -> MANIFEST
    int SYSTEM_FILE -> SYSTEM_FILE
    132:132:boolean contains(int) -> contains
com.dianxinos.dxservice.stat.Constant$ReportPolicy -> com.dianxinos.dxservice.stat.Constant$ReportPolicy:
    int TYPE_DAILY -> TYPE_DAILY
    int TYPE_INTERVAL -> TYPE_INTERVAL
    java.lang.String TYPE_REALTIME_NAME -> TYPE_REALTIME_NAME
    java.lang.String TYPE_OFFLINE_NAME -> TYPE_OFFLINE_NAME
    java.lang.String TYPE_DAILY_DB_NAME -> TYPE_DAILY_DB_NAME
    java.lang.String TYPE_INTERVAL_DB_NAME -> TYPE_INTERVAL_DB_NAME
    103:103:boolean contains(int) -> contains
com.dianxinos.dxservice.stat.Constant$ReportPriority -> com.dianxinos.dxservice.stat.Constant$ReportPriority:
    int IMPORTANT -> IMPORTANT
    int CRASH -> CRASH
    int LIMIT_USER_SET -> LIMIT_USER_SET
    int NETINFO -> NETINFO
    117:120:boolean isLegal(int) -> isLegal
com.dianxinos.dxservice.stat.Constant$SharedPreferenceFileName -> com.dianxinos.dxservice.stat.Constant$SharedPreferenceFileName:
    java.lang.String UTILS -> UTILS
    java.lang.String REPORT_TIME_RECORD -> REPORT_TIME_RECORD
com.dianxinos.dxservice.stat.Constant$SharedPreferenceKeys -> com.dianxinos.dxservice.stat.Constant$SharedPreferenceKeys:
    java.lang.String APPLIST_LAST_REPORT_TIME -> APPLIST_LAST_REPORT_TIME
    java.lang.String WIFI_LAST_REPORT_TIME -> WIFI_LAST_REPORT_TIME
    java.lang.String MOBILE_LAST_REPORT_TIME -> MOBILE_LAST_REPORT_TIME
    java.lang.String DEFAULT_INPUT_LAST_REPORT_TIME -> DEFAULT_INPUT_LAST_REPORT_TIME
com.dianxinos.dxservice.stat.Constant$StatKey -> com.dianxinos.dxservice.stat.Constant$StatKey:
    java.lang.String START -> START
    java.lang.String ALIVE -> ALIVE
com.dianxinos.dxservice.stat.Constant$StatKey$AppInfoForAIP -> com.dianxinos.dxservice.stat.Constant$StatKey$AppInfoForAIP:
    java.lang.String TOTAL -> TOTAL
    java.lang.String VERSION_CODE -> VERSION_CODE
    java.lang.String VERSION_NAME -> VERSION_NAME
    java.lang.String SIGNATURE -> SIGNATURE
    java.lang.String APPINFO -> APPINFO
    java.lang.String DATA -> DATA
    java.lang.String DATA_VERSION -> DATA_VERSION
    java.lang.String REPORT_KEY -> REPORT_KEY
    java.lang.String PREFIX_AIP_REPORT_KEY -> PREFIX_AIP_REPORT_KEY
    com.dianxinos.dxservice.stat.Constant$StatKey this$0 -> this$0
com.dianxinos.dxservice.stat.Constant$SystemEventKey -> com.dianxinos.dxservice.stat.Constant$SystemEventKey:
    java.lang.String VIRTUAL_PACKAGE_NAME -> VIRTUAL_PACKAGE_NAME
    java.lang.String CRASH_EVENT_KEY -> CRASH_EVENT_KEY
    java.lang.String DEFAULT_EVENT_KEY -> DEFAULT_EVENT_KEY