YPLockScreen/proguard/usage.txt
com.yp.lockscreen.BuildConfig
com.yp.lockscreen.LockScreenApplication:
    public static final long MINTIME
com.yp.lockscreen.Manifest
com.yp.lockscreen.Manifest$permission
com.yp.lockscreen.R:
    10:10:public R()
com.yp.lockscreen.R$anim
com.yp.lockscreen.R$attr
com.yp.lockscreen.R$color
com.yp.lockscreen.R$dimen
com.yp.lockscreen.R$drawable
com.yp.lockscreen.R$id
com.yp.lockscreen.R$layout
com.yp.lockscreen.R$menu
com.yp.lockscreen.R$string
com.yp.lockscreen.R$style
com.yp.lockscreen.R$styleable:
    1062:1062:public R$styleable()
com.yp.lockscreen.StaticService:
    public static final java.lang.String action_wakeSelf
com.yp.lockscreen.StudyManager:
    134:143:public void addEbbinghausPlan(java.lang.String)
    146:150:public boolean saveEbbinghausPlan(java.util.Map)
    154:154:public java.util.Map getEbbinghausPlan()
    243:252:public boolean checkNewStudyDay()
com.yp.lockscreen.activity.MoreSetActivity:
    115:116:private void inflaterToast(android.content.Context,java.lang.String)
com.yp.lockscreen.activity.RemindReviewActivity:
    private static final java.lang.String TAG
    private static final java.lang.String ACTION_REMIND_REVIEW
com.yp.lockscreen.activity.ReviewActivity:
    private static final java.lang.String TAG
    396:405:android.text.SpannableStringBuilder getEditTextString(java.lang.CharSequence,android.text.SpannableStringBuilder)
com.yp.lockscreen.activity.SetWallpaper:
    private static final int PHOTO_REQUEST_CODE
    private static final int PHOTORESOULT
    public static final int REQUEST_WALL_LIB_CODE
    220:225:private android.graphics.Bitmap optBitmap(android.graphics.Bitmap)
com.yp.lockscreen.activity.StudyPlaneActivity:
    private static final java.lang.String TAG
    public static final java.lang.String REQUEST_NAME
    public static final java.lang.String REQUEST_CN_NAME
    private android.widget.Button backBtn
com.yp.lockscreen.activity.WallpagerLibActivity:
    public static final int DOWNLOAD_DATA_FAIL
    public static final int DOWNLOAD_DATA_SUCCESS
com.yp.lockscreen.fragment.RecordFragment:
    private static final java.lang.String TAG
com.yp.lockscreen.fragment.ReviewFragment:
    private static final java.lang.String TAG
    140:141:public void notifyDatachanged()
com.yp.lockscreen.fragment.SettingFragment:
    private static final java.lang.String TAG
com.yp.lockscreen.fragment.WordFragment:
    private static final java.lang.String TAG
com.yp.lockscreen.monitor.LockPhoneStateListener:
    private static final java.lang.String TAG
    70:72:public void unregisterListener()
com.yp.lockscreen.monitor.SwitchReceiver:
    private static final java.lang.String TAG
    private static final java.lang.String SWITCH_PREF_NAME
    private static final java.lang.String PREF_KEY_IS_OPEN
com.yp.lockscreen.port.Global:
    13:13:public Global()
com.yp.lockscreen.port.LockConfigMgr:
    private static final java.lang.String PREFS_FILE
    10:10:public LockConfigMgr()
    123:125:public static void setApplicationInitTime(android.content.Context,long)
    129:130:public static long getApplicationInitTime(android.content.Context)
com.yp.lockscreen.port.NetConfig:
    public static final java.lang.String BASE_ADDRESS
    3:3:public NetConfig()
    23:25:public static void setNetAddress(java.lang.String,java.lang.String)
...
u.aly.az:
    114:115:public az(u.aly.az$a,java.lang.Object)
    118:119:public az(u.aly.az)
    121:121:public u.aly.az a()
    125:127:public static u.aly.az a(java.lang.String)
    131:133:public static u.aly.az a(long)
    139:153:protected void a(u.aly.az$a,java.lang.Object)
    262:262:public u.aly.az$a a(int)
    267:270:public java.lang.String d()
    281:284:public long e()
    294:294:public boolean f()
    299:299:public boolean h()
    317:321:public int b(u.aly.az)
    335:339:private void a(java.io.ObjectOutputStream)
    344:348:private void a(java.io.ObjectInputStream)
    1:1:public synthetic u.aly.cg b(int)
    1:1:public synthetic u.aly.bz g()
    1:1:protected bridge synthetic void a(u.aly.cg,java.lang.Object)
u.aly.az$a:
    78:78:public static u.aly.az$a a(java.lang.String)
u.aly.b:
    private static final java.lang.String a
u.aly.ba:
    private static final int h
    private static final int i
    140:144:public ba(u.aly.ba)
    147:147:public u.aly.ba a()
    152:156:public void b()
    159:159:public int c()
    163:165:public u.aly.ba a(int)
    169:170:public void d()
    182:182:public int f()
    186:188:public u.aly.ba c(int)
    192:193:public void h()
    205:205:public u.aly.ba$e d(int)
    241:245:private void a(java.io.ObjectOutputStream)
    250:255:private void a(java.io.ObjectInputStream)
    1:1:public synthetic u.aly.cg b(int)
    1:1:public synthetic u.aly.bz g()
u.aly.ba$e:
    64:70:public static u.aly.ba$e a(int)
    79:81:public static u.aly.ba$e b(int)
    88:88:public static u.aly.ba$e a(java.lang.String)
u.aly.bb:
    private static final int j
    136:139:public bb(int)
    144:153:public bb(u.aly.bb)
    156:156:public u.aly.bb a()
    161:165:public void b()
    168:168:public int c()
    172:174:public u.aly.bb a(int)
    178:179:public void d()
    195:196:public u.aly.bb a(java.lang.String)
    200:201:public void h()
    219:220:public u.aly.bb a(u.aly.at)
    224:225:public void k()
    239:239:public u.aly.bb$e c(int)
    293:297:private void a(java.io.ObjectOutputStream)
    302:307:private void a(java.io.ObjectInputStream)
    1:1:public synthetic u.aly.cg b(int)
    1:1:public synthetic u.aly.bz g()
u.aly.bb$e:
    67:75:public static u.aly.bb$e a(int)
    84:86:public static u.aly.bb$e b(int)
    93:93:public static u.aly.bb$e a(java.lang.String)
u.aly.bd:
    private static final int r
    private static final int s
    private static final int t
    171:179:public bd(java.lang.String,long,long,long)
    184:209:public bd(u.aly.bd)
    212:212:public u.aly.bd a()
    217:227:public void b()
    230:230:public java.lang.String c()
    239:240:public void d()
    244:244:public boolean e()
    254:254:public long f()
    264:265:public void h()
    277:277:public long j()
    287:288:public void k()
    300:300:public long m()
    310:311:public void n()
    327:327:public java.util.Iterator q()
    331:335:public void a(u.aly.ay)
    338:338:public java.util.List r()
    347:348:public void s()
    362:362:public int u()
    366:366:public java.util.Iterator v()
    377:377:public java.util.List w()
    386:387:public void x()
    401:401:public u.aly.be z()
    410:411:public void A()
    425:425:public u.aly.bd$e a(int)
    510:514:private void a(java.io.ObjectOutputStream)
    519:524:private void a(java.io.ObjectInputStream)
    1:1:public synthetic u.aly.cg b(int)
    1:1:public synthetic u.aly.bz g()
u.aly.bd$e:
    79:95:public static u.aly.bd$e a(int)
    104:106:public static u.aly.bd$e b(int)
    113:113:public static u.aly.bd$e a(java.lang.String)